{"/Users/dimaruban/VS Code/Full Stack/lesson_42-49/src/App.tsx": {"path":"/Users/dimaruban/VS Code/Full Stack/lesson_42-49/src/App.tsx","statementMap":{"0":{"start":{"line":8,"column":8},"end":{"line":8,"column":null}},"1":{"start":{"line":8,"column":50},"end":{"line":8,"column":61}},"2":{"start":{"line":10,"column":2},"end":{"line":19,"column":null}}},"fnMap":{"0":{"name":"App","decl":{"start":{"line":7,"column":16},"end":{"line":7,"column":22}},"loc":{"start":{"line":7,"column":22},"end":{"line":21,"column":null}},"line":7},"1":{"name":"(anonymous_1)","decl":{"start":{"line":8,"column":16},"end":{"line":8,"column":29}},"loc":{"start":{"line":8,"column":50},"end":{"line":8,"column":61}},"line":8}},"branchMap":{},"s":{"0":0,"1":0,"2":0},"f":{"0":0,"1":0},"b":{},"meta":{"lastBranch":0,"lastFunction":2,"lastStatement":3,"seen":{"f:7:16:7:22":0,"s:8:8:8:Infinity":0,"f:8:16:8:29":1,"s:8:50:8:61":1,"s:10:2:19:Infinity":2},"fnNames":{}}}
,"/Users/dimaruban/VS Code/Full Stack/lesson_42-49/src/router.tsx": {"path":"/Users/dimaruban/VS Code/Full Stack/lesson_42-49/src/router.tsx","statementMap":{"0":{"start":{"line":12,"column":13},"end":{"line":44,"column":null}}},"fnMap":{},"branchMap":{},"s":{"0":0},"f":{},"b":{},"meta":{"lastBranch":0,"lastFunction":0,"lastStatement":1,"seen":{"s:12:13:44:Infinity":0},"fnNames":{}}}
,"/Users/dimaruban/VS Code/Full Stack/lesson_42-49/src/app/store.ts": {"path":"/Users/dimaruban/VS Code/Full Stack/lesson_42-49/src/app/store.ts","statementMap":{"0":{"start":{"line":7,"column":13},"end":{"line":14,"column":null}}},"fnMap":{},"branchMap":{},"s":{"0":0},"f":{},"b":{},"meta":{"lastBranch":0,"lastFunction":0,"lastStatement":1,"seen":{"s:7:13:14:Infinity":0},"fnNames":{}}}
,"/Users/dimaruban/VS Code/Full Stack/lesson_42-49/src/features/Forms/formikForm/FormikForm.tsx": {"path":"/Users/dimaruban/VS Code/Full Stack/lesson_42-49/src/features/Forms/formikForm/FormikForm.tsx","statementMap":{"0":{"start":{"line":5,"column":6},"end":{"line":15,"column":null}},"1":{"start":{"line":17,"column":13},"end":{"line":128,"column":null}},"2":{"start":{"line":18,"column":8},"end":{"line":34,"column":null}},"3":{"start":{"line":29,"column":6},"end":{"line":29,"column":null}},"4":{"start":{"line":31,"column":6},"end":{"line":31,"column":null}},"5":{"start":{"line":32,"column":6},"end":{"line":32,"column":null}},"6":{"start":{"line":36,"column":2},"end":{"line":126,"column":null}}},"fnMap":{"0":{"name":"(anonymous_0)","decl":{"start":{"line":17,"column":13},"end":{"line":17,"column":32}},"loc":{"start":{"line":17,"column":32},"end":{"line":128,"column":null}},"line":17},"1":{"name":"(anonymous_1)","decl":{"start":{"line":28,"column":4},"end":{"line":28,"column":15}},"loc":{"start":{"line":28,"column":56},"end":{"line":33,"column":null}},"line":28}},"branchMap":{"0":{"loc":{"start":{"line":57,"column":13},"end":{"line":57,"column":null}},"type":"binary-expr","locations":[{"start":{"line":57,"column":13},"end":{"line":57,"column":36}},{"start":{"line":57,"column":36},"end":{"line":57,"column":58}},{"start":{"line":57,"column":58},"end":{"line":57,"column":null}}],"line":57},"1":{"loc":{"start":{"line":76,"column":13},"end":{"line":76,"column":null}},"type":"binary-expr","locations":[{"start":{"line":76,"column":13},"end":{"line":76,"column":37}},{"start":{"line":76,"column":37},"end":{"line":76,"column":60}},{"start":{"line":76,"column":60},"end":{"line":76,"column":null}}],"line":76},"2":{"loc":{"start":{"line":95,"column":13},"end":{"line":96,"column":null}},"type":"binary-expr","locations":[{"start":{"line":95,"column":13},"end":{"line":95,"column":40}},{"start":{"line":95,"column":40},"end":{"line":95,"column":null}},{"start":{"line":96,"column":14},"end":{"line":96,"column":null}}],"line":95},"3":{"loc":{"start":{"line":116,"column":13},"end":{"line":117,"column":null}},"type":"binary-expr","locations":[{"start":{"line":116,"column":13},"end":{"line":116,"column":47}},{"start":{"line":116,"column":47},"end":{"line":116,"column":null}},{"start":{"line":117,"column":14},"end":{"line":117,"column":null}}],"line":116}},"s":{"0":0,"1":0,"2":0,"3":0,"4":0,"5":0,"6":0},"f":{"0":0,"1":0},"b":{"0":[0,0,0],"1":[0,0,0],"2":[0,0,0],"3":[0,0,0]},"meta":{"lastBranch":4,"lastFunction":2,"lastStatement":7,"seen":{"s:5:6:15:Infinity":0,"s:17:13:128:Infinity":1,"f:17:13:17:32":0,"s:18:8:34:Infinity":2,"f:28:4:28:15":1,"s:29:6:29:Infinity":3,"s:31:6:31:Infinity":4,"s:32:6:32:Infinity":5,"s:36:2:126:Infinity":6,"b:57:13:57:36:57:36:57:58:57:58:57:Infinity":0,"b:76:13:76:37:76:37:76:60:76:60:76:Infinity":1,"b:95:13:95:40:95:40:95:Infinity:96:14:96:Infinity":2,"b:116:13:116:47:116:47:116:Infinity:117:14:117:Infinity":3},"fnNames":{}}}
,"/Users/dimaruban/VS Code/Full Stack/lesson_42-49/src/features/Forms/reactHookForm/ReactHookForm.tsx": {"path":"/Users/dimaruban/VS Code/Full Stack/lesson_42-49/src/features/Forms/reactHookForm/ReactHookForm.tsx","statementMap":{"0":{"start":{"line":12,"column":13},"end":{"line":159,"column":null}},"1":{"start":{"line":18,"column":25},"end":{"line":28,"column":null}},"2":{"start":{"line":30,"column":24},"end":{"line":30,"column":null}},"3":{"start":{"line":32,"column":8},"end":{"line":36,"column":null}},"4":{"start":{"line":33,"column":4},"end":{"line":33,"column":null}},"5":{"start":{"line":35,"column":4},"end":{"line":35,"column":null}},"6":{"start":{"line":38,"column":2},"end":{"line":157,"column":null}},"7":{"start":{"line":146,"column":35},"end":{"line":146,"column":null}}},"fnMap":{"0":{"name":"(anonymous_0)","decl":{"start":{"line":12,"column":13},"end":{"line":12,"column":35}},"loc":{"start":{"line":12,"column":35},"end":{"line":159,"column":null}},"line":12},"1":{"name":"(anonymous_1)","decl":{"start":{"line":32,"column":8},"end":{"line":32,"column":59}},"loc":{"start":{"line":32,"column":70},"end":{"line":36,"column":null}},"line":32},"2":{"name":"(anonymous_2)","decl":{"start":{"line":146,"column":14},"end":{"line":146,"column":25}},"loc":{"start":{"line":146,"column":35},"end":{"line":146,"column":null}},"line":146}},"branchMap":{"0":{"loc":{"start":{"line":66,"column":11},"end":{"line":66,"column":null}},"type":"binary-expr","locations":[{"start":{"line":66,"column":11},"end":{"line":66,"column":26}},{"start":{"line":66,"column":26},"end":{"line":66,"column":null}}],"line":66},"1":{"loc":{"start":{"line":88,"column":11},"end":{"line":88,"column":null}},"type":"binary-expr","locations":[{"start":{"line":88,"column":11},"end":{"line":88,"column":27}},{"start":{"line":88,"column":27},"end":{"line":88,"column":null}}],"line":88},"2":{"loc":{"start":{"line":109,"column":11},"end":{"line":109,"column":null}},"type":"binary-expr","locations":[{"start":{"line":109,"column":11},"end":{"line":109,"column":27}},{"start":{"line":109,"column":27},"end":{"line":109,"column":null}}],"line":109},"3":{"loc":{"start":{"line":131,"column":11},"end":{"line":131,"column":null}},"type":"binary-expr","locations":[{"start":{"line":131,"column":11},"end":{"line":131,"column":30}},{"start":{"line":131,"column":30},"end":{"line":131,"column":null}}],"line":131},"4":{"loc":{"start":{"line":146,"column":35},"end":{"line":146,"column":null}},"type":"binary-expr","locations":[{"start":{"line":146,"column":35},"end":{"line":146,"column":62}},{"start":{"line":146,"column":62},"end":{"line":146,"column":null}}],"line":146},"5":{"loc":{"start":{"line":150,"column":11},"end":{"line":150,"column":null}},"type":"binary-expr","locations":[{"start":{"line":150,"column":11},"end":{"line":150,"column":37}},{"start":{"line":150,"column":37},"end":{"line":150,"column":null}}],"line":150},"6":{"loc":{"start":{"line":154,"column":11},"end":{"line":154,"column":null}},"type":"cond-expr","locations":[{"start":{"line":154,"column":26},"end":{"line":154,"column":44}},{"start":{"line":154,"column":44},"end":{"line":154,"column":null}}],"line":154}},"s":{"0":0,"1":0,"2":0,"3":0,"4":0,"5":0,"6":0,"7":0},"f":{"0":0,"1":0,"2":0},"b":{"0":[0,0],"1":[0,0],"2":[0,0],"3":[0,0],"4":[0,0],"5":[0,0],"6":[0,0]},"meta":{"lastBranch":7,"lastFunction":3,"lastStatement":8,"seen":{"s:12:13:159:Infinity":0,"f:12:13:12:35":0,"s:18:25:28:Infinity":1,"s:30:24:30:Infinity":2,"s:32:8:36:Infinity":3,"f:32:8:32:59":1,"s:33:4:33:Infinity":4,"s:35:4:35:Infinity":5,"s:38:2:157:Infinity":6,"b:66:11:66:26:66:26:66:Infinity":0,"b:88:11:88:27:88:27:88:Infinity":1,"b:109:11:109:27:109:27:109:Infinity":2,"b:131:11:131:30:131:30:131:Infinity":3,"f:146:14:146:25":2,"s:146:35:146:Infinity":7,"b:146:35:146:62:146:62:146:Infinity":4,"b:150:11:150:37:150:37:150:Infinity":5,"b:154:26:154:44:154:44:154:Infinity":6},"fnNames":{}}}
,"/Users/dimaruban/VS Code/Full Stack/lesson_42-49/src/features/contacts/ContactsComponent.tsx": {"path":"/Users/dimaruban/VS Code/Full Stack/lesson_42-49/src/features/contacts/ContactsComponent.tsx","statementMap":{"0":{"start":{"line":6,"column":41},"end":{"line":6,"column":null}},"1":{"start":{"line":9,"column":23},"end":{"line":17,"column":null}},"2":{"start":{"line":19,"column":2},"end":{"line":71,"column":null}}},"fnMap":{"0":{"name":"ContactsComponent","decl":{"start":{"line":8,"column":16},"end":{"line":8,"column":36}},"loc":{"start":{"line":8,"column":36},"end":{"line":73,"column":null}},"line":8}},"branchMap":{},"s":{"0":0,"1":0,"2":0},"f":{"0":0},"b":{},"meta":{"lastBranch":0,"lastFunction":1,"lastStatement":3,"seen":{"s:6:41:6:Infinity":0,"f:8:16:8:36":0,"s:9:23:17:Infinity":1,"s:19:2:71:Infinity":2},"fnNames":{}}}
,"/Users/dimaruban/VS Code/Full Stack/lesson_42-49/src/features/counter/Counter.tsx": {"path":"/Users/dimaruban/VS Code/Full Stack/lesson_42-49/src/features/counter/Counter.tsx","statementMap":{"0":{"start":{"line":6,"column":8},"end":{"line":6,"column":null}},"1":{"start":{"line":6,"column":50},"end":{"line":6,"column":69}},"2":{"start":{"line":7,"column":8},"end":{"line":7,"column":null}},"3":{"start":{"line":9,"column":2},"end":{"line":24,"column":null}},"4":{"start":{"line":14,"column":88},"end":{"line":14,"column":111}},"5":{"start":{"line":20,"column":88},"end":{"line":20,"column":111}}},"fnMap":{"0":{"name":"Counter","decl":{"start":{"line":5,"column":16},"end":{"line":5,"column":26}},"loc":{"start":{"line":5,"column":26},"end":{"line":26,"column":null}},"line":5},"1":{"name":"(anonymous_1)","decl":{"start":{"line":6,"column":16},"end":{"line":6,"column":29}},"loc":{"start":{"line":6,"column":50},"end":{"line":6,"column":69}},"line":6},"2":{"name":"(anonymous_2)","decl":{"start":{"line":14,"column":73},"end":{"line":14,"column":88}},"loc":{"start":{"line":14,"column":88},"end":{"line":14,"column":111}},"line":14},"3":{"name":"(anonymous_3)","decl":{"start":{"line":20,"column":73},"end":{"line":20,"column":88}},"loc":{"start":{"line":20,"column":88},"end":{"line":20,"column":111}},"line":20}},"branchMap":{},"s":{"0":0,"1":0,"2":0,"3":0,"4":0,"5":0},"f":{"0":0,"1":0,"2":0,"3":0},"b":{},"meta":{"lastBranch":0,"lastFunction":4,"lastStatement":6,"seen":{"f:5:16:5:26":0,"s:6:8:6:Infinity":0,"f:6:16:6:29":1,"s:6:50:6:69":1,"s:7:8:7:Infinity":2,"s:9:2:24:Infinity":3,"f:14:73:14:88":2,"s:14:88:14:111":4,"f:20:73:20:88":3,"s:20:88:20:111":5},"fnNames":{}}}
,"/Users/dimaruban/VS Code/Full Stack/lesson_42-49/src/features/counter/counterSlice.ts": {"path":"/Users/dimaruban/VS Code/Full Stack/lesson_42-49/src/features/counter/counterSlice.ts","statementMap":{"0":{"start":{"line":8,"column":35},"end":{"line":10,"column":null}},"1":{"start":{"line":12,"column":13},"end":{"line":28,"column":null}},"2":{"start":{"line":17,"column":6},"end":{"line":17,"column":null}},"3":{"start":{"line":21,"column":6},"end":{"line":21,"column":null}},"4":{"start":{"line":25,"column":6},"end":{"line":25,"column":null}},"5":{"start":{"line":30,"column":59},"end":{"line":30,"column":null}}},"fnMap":{"0":{"name":"(anonymous_0)","decl":{"start":{"line":16,"column":4},"end":{"line":16,"column":16}},"loc":{"start":{"line":16,"column":26},"end":{"line":18,"column":null}},"line":16},"1":{"name":"(anonymous_1)","decl":{"start":{"line":20,"column":4},"end":{"line":20,"column":16}},"loc":{"start":{"line":20,"column":26},"end":{"line":22,"column":null}},"line":20},"2":{"name":"(anonymous_2)","decl":{"start":{"line":24,"column":4},"end":{"line":24,"column":24}},"loc":{"start":{"line":24,"column":65},"end":{"line":26,"column":null}},"line":24}},"branchMap":{},"s":{"0":0,"1":0,"2":0,"3":0,"4":0,"5":0},"f":{"0":0,"1":0,"2":0},"b":{},"meta":{"lastBranch":0,"lastFunction":3,"lastStatement":6,"seen":{"s:8:35:10:Infinity":0,"s:12:13:28:Infinity":1,"f:16:4:16:16":0,"s:17:6:17:Infinity":2,"f:20:4:20:16":1,"s:21:6:21:Infinity":3,"f:24:4:24:24":2,"s:25:6:25:Infinity":4,"s:30:59:30:Infinity":5},"fnNames":{}}}
,"/Users/dimaruban/VS Code/Full Stack/lesson_42-49/src/features/jokes/Jokes.tsx": {"path":"/Users/dimaruban/VS Code/Full Stack/lesson_42-49/src/features/jokes/Jokes.tsx","statementMap":{"0":{"start":{"line":7,"column":8},"end":{"line":7,"column":null}},"1":{"start":{"line":8,"column":27},"end":{"line":8,"column":null}},"2":{"start":{"line":8,"column":71},"end":{"line":8,"column":82}},"3":{"start":{"line":10,"column":8},"end":{"line":12,"column":null}},"4":{"start":{"line":11,"column":4},"end":{"line":11,"column":null}},"5":{"start":{"line":14,"column":2},"end":{"line":23,"column":null}}},"fnMap":{"0":{"name":"Jokes","decl":{"start":{"line":6,"column":16},"end":{"line":6,"column":24}},"loc":{"start":{"line":6,"column":24},"end":{"line":25,"column":null}},"line":6},"1":{"name":"(anonymous_1)","decl":{"start":{"line":8,"column":37},"end":{"line":8,"column":50}},"loc":{"start":{"line":8,"column":71},"end":{"line":8,"column":82}},"line":8},"2":{"name":"(anonymous_2)","decl":{"start":{"line":10,"column":8},"end":{"line":10,"column":35}},"loc":{"start":{"line":10,"column":35},"end":{"line":12,"column":null}},"line":10}},"branchMap":{"0":{"loc":{"start":{"line":16,"column":7},"end":{"line":16,"column":null}},"type":"binary-expr","locations":[{"start":{"line":16,"column":7},"end":{"line":16,"column":20}},{"start":{"line":16,"column":20},"end":{"line":16,"column":null}}],"line":16},"1":{"loc":{"start":{"line":17,"column":7},"end":{"line":17,"column":null}},"type":"binary-expr","locations":[{"start":{"line":17,"column":7},"end":{"line":17,"column":16}},{"start":{"line":17,"column":16},"end":{"line":17,"column":null}}],"line":17},"2":{"loc":{"start":{"line":18,"column":7},"end":{"line":18,"column":null}},"type":"binary-expr","locations":[{"start":{"line":18,"column":7},"end":{"line":18,"column":15}},{"start":{"line":18,"column":15},"end":{"line":18,"column":null}}],"line":18},"3":{"loc":{"start":{"line":21,"column":9},"end":{"line":21,"column":null}},"type":"cond-expr","locations":[{"start":{"line":21,"column":21},"end":{"line":21,"column":36}},{"start":{"line":21,"column":36},"end":{"line":21,"column":null}}],"line":21}},"s":{"0":0,"1":0,"2":0,"3":0,"4":0,"5":0},"f":{"0":0,"1":0,"2":0},"b":{"0":[0,0],"1":[0,0],"2":[0,0],"3":[0,0]},"meta":{"lastBranch":4,"lastFunction":3,"lastStatement":6,"seen":{"f:6:16:6:24":0,"s:7:8:7:Infinity":0,"s:8:27:8:Infinity":1,"f:8:37:8:50":1,"s:8:71:8:82":2,"s:10:8:12:Infinity":3,"f:10:8:10:35":2,"s:11:4:11:Infinity":4,"s:14:2:23:Infinity":5,"b:16:7:16:20:16:20:16:Infinity":0,"b:17:7:17:16:17:16:17:Infinity":1,"b:18:7:18:15:18:15:18:Infinity":2,"b:21:21:21:36:21:36:21:Infinity":3},"fnNames":{}}}
,"/Users/dimaruban/VS Code/Full Stack/lesson_42-49/src/features/jokes/JokesSlice.ts": {"path":"/Users/dimaruban/VS Code/Full Stack/lesson_42-49/src/features/jokes/JokesSlice.ts","statementMap":{"0":{"start":{"line":9,"column":32},"end":{"line":13,"column":null}},"1":{"start":{"line":15,"column":13},"end":{"line":32,"column":null}},"2":{"start":{"line":18,"column":4},"end":{"line":30,"column":null}},"3":{"start":{"line":19,"column":23},"end":{"line":19,"column":null}},"4":{"start":{"line":21,"column":6},"end":{"line":23,"column":null}},"5":{"start":{"line":22,"column":8},"end":{"line":22,"column":null}},"6":{"start":{"line":25,"column":27},"end":{"line":25,"column":null}},"7":{"start":{"line":27,"column":6},"end":{"line":27,"column":null}},"8":{"start":{"line":29,"column":6},"end":{"line":29,"column":null}},"9":{"start":{"line":34,"column":6},"end":{"line":57,"column":null}},"10":{"start":{"line":41,"column":4},"end":{"line":55,"column":null}},"11":{"start":{"line":43,"column":8},"end":{"line":43,"column":null}},"12":{"start":{"line":44,"column":8},"end":{"line":44,"column":null}},"13":{"start":{"line":48,"column":8},"end":{"line":48,"column":null}},"14":{"start":{"line":49,"column":8},"end":{"line":49,"column":null}},"15":{"start":{"line":53,"column":8},"end":{"line":53,"column":null}},"16":{"start":{"line":54,"column":8},"end":{"line":54,"column":null}}},"fnMap":{"0":{"name":"(anonymous_0)","decl":{"start":{"line":17,"column":2},"end":{"line":17,"column":9}},"loc":{"start":{"line":17,"column":25},"end":{"line":31,"column":null}},"line":17},"1":{"name":"(anonymous_1)","decl":{"start":{"line":40,"column":2},"end":{"line":40,"column":18}},"loc":{"start":{"line":40,"column":30},"end":{"line":56,"column":null}},"line":40},"2":{"name":"(anonymous_2)","decl":{"start":{"line":42,"column":25},"end":{"line":42,"column":35}},"loc":{"start":{"line":42,"column":45},"end":{"line":45,"column":7}},"line":42},"3":{"name":"(anonymous_3)","decl":{"start":{"line":47,"column":25},"end":{"line":47,"column":37}},"loc":{"start":{"line":47,"column":55},"end":{"line":50,"column":7}},"line":47},"4":{"name":"(anonymous_4)","decl":{"start":{"line":52,"column":25},"end":{"line":52,"column":36}},"loc":{"start":{"line":52,"column":54},"end":{"line":55,"column":7}},"line":52}},"branchMap":{"0":{"loc":{"start":{"line":21,"column":6},"end":{"line":23,"column":null}},"type":"if","locations":[{"start":{"line":21,"column":6},"end":{"line":23,"column":null}},{"start":{},"end":{}}],"line":21},"1":{"loc":{"start":{"line":54,"column":22},"end":{"line":54,"column":null}},"type":"binary-expr","locations":[{"start":{"line":54,"column":22},"end":{"line":54,"column":40}},{"start":{"line":54,"column":40},"end":{"line":54,"column":null}}],"line":54}},"s":{"0":0,"1":0,"2":0,"3":0,"4":0,"5":0,"6":0,"7":0,"8":0,"9":0,"10":0,"11":0,"12":0,"13":0,"14":0,"15":0,"16":0},"f":{"0":0,"1":0,"2":0,"3":0,"4":0},"b":{"0":[0,0],"1":[0,0]},"meta":{"lastBranch":2,"lastFunction":5,"lastStatement":17,"seen":{"s:9:32:13:Infinity":0,"s:15:13:32:Infinity":1,"f:17:2:17:9":0,"s:18:4:30:Infinity":2,"s:19:23:19:Infinity":3,"b:21:6:23:Infinity:undefined:undefined:undefined:undefined":0,"s:21:6:23:Infinity":4,"s:22:8:22:Infinity":5,"s:25:27:25:Infinity":6,"s:27:6:27:Infinity":7,"s:29:6:29:Infinity":8,"s:34:6:57:Infinity":9,"f:40:2:40:18":1,"s:41:4:55:Infinity":10,"f:42:25:42:35":2,"s:43:8:43:Infinity":11,"s:44:8:44:Infinity":12,"f:47:25:47:37":3,"s:48:8:48:Infinity":13,"s:49:8:49:Infinity":14,"f:52:25:52:36":4,"s:53:8:53:Infinity":15,"s:54:8:54:Infinity":16,"b:54:22:54:40:54:40:54:Infinity":1},"fnNames":{}}}
,"/Users/dimaruban/VS Code/Full Stack/lesson_42-49/src/features/rickandmorty/RickAndMorty.tsx": {"path":"/Users/dimaruban/VS Code/Full Stack/lesson_42-49/src/features/rickandmorty/RickAndMorty.tsx","statementMap":{"0":{"start":{"line":8,"column":29},"end":{"line":8,"column":null}},"1":{"start":{"line":15,"column":8},"end":{"line":15,"column":null}},"2":{"start":{"line":16,"column":8},"end":{"line":16,"column":null}},"3":{"start":{"line":18,"column":32},"end":{"line":18,"column":null}},"4":{"start":{"line":18,"column":76},"end":{"line":18,"column":94}},"5":{"start":{"line":20,"column":23},"end":{"line":20,"column":null}},"6":{"start":{"line":22,"column":28},"end":{"line":22,"column":null}},"7":{"start":{"line":24,"column":29},"end":{"line":24,"column":null}},"8":{"start":{"line":26,"column":29},"end":{"line":26,"column":null}},"9":{"start":{"line":28,"column":22},"end":{"line":28,"column":null}},"10":{"start":{"line":30,"column":2},"end":{"line":38,"column":null}},"11":{"start":{"line":31,"column":4},"end":{"line":31,"column":null}},"12":{"start":{"line":33,"column":4},"end":{"line":35,"column":null}},"13":{"start":{"line":34,"column":6},"end":{"line":34,"column":null}},"14":{"start":{"line":37,"column":4},"end":{"line":37,"column":null}},"15":{"start":{"line":40,"column":8},"end":{"line":52,"column":null}},"16":{"start":{"line":41,"column":4},"end":{"line":41,"column":null}},"17":{"start":{"line":43,"column":15},"end":{"line":43,"column":null}},"18":{"start":{"line":45,"column":4},"end":{"line":45,"column":null}},"19":{"start":{"line":47,"column":4},"end":{"line":49,"column":null}},"20":{"start":{"line":48,"column":6},"end":{"line":48,"column":null}},"21":{"start":{"line":51,"column":4},"end":{"line":51,"column":null}},"22":{"start":{"line":54,"column":8},"end":{"line":60,"column":null}},"23":{"start":{"line":55,"column":10},"end":{"line":55,"column":null}},"24":{"start":{"line":57,"column":4},"end":{"line":57,"column":null}},"25":{"start":{"line":59,"column":4},"end":{"line":59,"column":null}},"26":{"start":{"line":62,"column":2},"end":{"line":100,"column":null}},"27":{"start":{"line":86,"column":16},"end":{"line":86,"column":null}},"28":{"start":{"line":87,"column":16},"end":{"line":87,"column":null}}},"fnMap":{"0":{"name":"RickAndMorty","decl":{"start":{"line":14,"column":16},"end":{"line":14,"column":31}},"loc":{"start":{"line":14,"column":31},"end":{"line":102,"column":null}},"line":14},"1":{"name":"(anonymous_1)","decl":{"start":{"line":18,"column":42},"end":{"line":18,"column":55}},"loc":{"start":{"line":18,"column":76},"end":{"line":18,"column":94}},"line":18},"2":{"name":"(anonymous_2)","decl":{"start":{"line":30,"column":2},"end":{"line":30,"column":18}},"loc":{"start":{"line":30,"column":18},"end":{"line":38,"column":5}},"line":30},"3":{"name":"(anonymous_3)","decl":{"start":{"line":40,"column":8},"end":{"line":40,"column":24}},"loc":{"start":{"line":40,"column":62},"end":{"line":52,"column":null}},"line":40},"4":{"name":"(anonymous_4)","decl":{"start":{"line":54,"column":8},"end":{"line":54,"column":36}},"loc":{"start":{"line":54,"column":36},"end":{"line":60,"column":null}},"line":54},"5":{"name":"(anonymous_5)","decl":{"start":{"line":85,"column":14},"end":{"line":85,"column":25}},"loc":{"start":{"line":85,"column":35},"end":{"line":88,"column":null}},"line":85}},"branchMap":{"0":{"loc":{"start":{"line":24,"column":29},"end":{"line":24,"column":null}},"type":"binary-expr","locations":[{"start":{"line":24,"column":29},"end":{"line":24,"column":68}},{"start":{"line":24,"column":68},"end":{"line":24,"column":94}},{"start":{"line":24,"column":94},"end":{"line":24,"column":null}}],"line":24},"1":{"loc":{"start":{"line":26,"column":29},"end":{"line":26,"column":null}},"type":"cond-expr","locations":[{"start":{"line":26,"column":50},"end":{"line":26,"column":71}},{"start":{"line":26,"column":71},"end":{"line":26,"column":null}}],"line":26},"2":{"loc":{"start":{"line":26,"column":71},"end":{"line":26,"column":null}},"type":"binary-expr","locations":[{"start":{"line":26,"column":71},"end":{"line":26,"column":88}},{"start":{"line":26,"column":88},"end":{"line":26,"column":null}}],"line":26},"3":{"loc":{"start":{"line":33,"column":4},"end":{"line":35,"column":null}},"type":"if","locations":[{"start":{"line":33,"column":4},"end":{"line":35,"column":null}},{"start":{},"end":{}}],"line":33},"4":{"loc":{"start":{"line":47,"column":4},"end":{"line":49,"column":null}},"type":"if","locations":[{"start":{"line":47,"column":4},"end":{"line":49,"column":null}},{"start":{},"end":{}}],"line":47},"5":{"loc":{"start":{"line":47,"column":8},"end":{"line":47,"column":53}},"type":"binary-expr","locations":[{"start":{"line":47,"column":8},"end":{"line":47,"column":33}},{"start":{"line":47,"column":33},"end":{"line":47,"column":43}},{"start":{"line":47,"column":43},"end":{"line":47,"column":53}}],"line":47},"6":{"loc":{"start":{"line":65,"column":9},"end":{"line":65,"column":null}},"type":"binary-expr","locations":[{"start":{"line":65,"column":9},"end":{"line":65,"column":22}},{"start":{"line":65,"column":22},"end":{"line":65,"column":null}}],"line":65},"7":{"loc":{"start":{"line":67,"column":9},"end":{"line":67,"column":null}},"type":"binary-expr","locations":[{"start":{"line":67,"column":9},"end":{"line":67,"column":18}},{"start":{"line":67,"column":18},"end":{"line":67,"column":null}}],"line":67},"8":{"loc":{"start":{"line":69,"column":9},"end":{"line":75,"column":null}},"type":"binary-expr","locations":[{"start":{"line":69,"column":9},"end":{"line":69,"column":null}},{"start":{"line":70,"column":10},"end":{"line":75,"column":null}}],"line":69}},"s":{"0":1,"1":16,"2":16,"3":16,"4":27,"5":16,"6":16,"7":16,"8":16,"9":16,"10":16,"11":5,"12":5,"13":4,"14":5,"15":16,"16":0,"17":0,"18":0,"19":0,"20":0,"21":0,"22":16,"23":0,"24":0,"25":0,"26":16,"27":0,"28":0},"f":{"0":16,"1":27,"2":5,"3":0,"4":0,"5":0},"b":{"0":[16,16,16],"1":[16,0],"2":[0,0],"3":[4,1],"4":[0,0],"5":[0,0,0],"6":[16,8],"7":[16,2],"8":[16,2]},"meta":{"lastBranch":9,"lastFunction":6,"lastStatement":29,"seen":{"s:8:29:8:Infinity":0,"f:14:16:14:31":0,"s:15:8:15:Infinity":1,"s:16:8:16:Infinity":2,"s:18:32:18:Infinity":3,"f:18:42:18:55":1,"s:18:76:18:94":4,"s:20:23:20:Infinity":5,"s:22:28:22:Infinity":6,"s:24:29:24:Infinity":7,"b:24:29:24:68:24:68:24:94:24:94:24:Infinity":0,"s:26:29:26:Infinity":8,"b:26:50:26:71:26:71:26:Infinity":1,"b:26:71:26:88:26:88:26:Infinity":2,"s:28:22:28:Infinity":9,"s:30:2:38:Infinity":10,"f:30:2:30:18":2,"s:31:4:31:Infinity":11,"b:33:4:35:Infinity:undefined:undefined:undefined:undefined":3,"s:33:4:35:Infinity":12,"s:34:6:34:Infinity":13,"s:37:4:37:Infinity":14,"s:40:8:52:Infinity":15,"f:40:8:40:24":3,"s:41:4:41:Infinity":16,"s:43:15:43:Infinity":17,"s:45:4:45:Infinity":18,"b:47:4:49:Infinity:undefined:undefined:undefined:undefined":4,"s:47:4:49:Infinity":19,"b:47:8:47:33:47:33:47:43:47:43:47:53":5,"s:48:6:48:Infinity":20,"s:51:4:51:Infinity":21,"s:54:8:60:Infinity":22,"f:54:8:54:36":4,"s:55:10:55:Infinity":23,"s:57:4:57:Infinity":24,"s:59:4:59:Infinity":25,"s:62:2:100:Infinity":26,"b:65:9:65:22:65:22:65:Infinity":6,"b:67:9:67:18:67:18:67:Infinity":7,"b:69:9:69:Infinity:70:10:75:Infinity":8,"f:85:14:85:25":5,"s:86:16:86:Infinity":27,"s:87:16:87:Infinity":28},"fnNames":{}}}
,"/Users/dimaruban/VS Code/Full Stack/lesson_42-49/src/features/rickandmorty/rickAndMortySlice.ts": {"path":"/Users/dimaruban/VS Code/Full Stack/lesson_42-49/src/features/rickandmorty/rickAndMortySlice.ts","statementMap":{"0":{"start":{"line":17,"column":37},"end":{"line":21,"column":null}},"1":{"start":{"line":24,"column":2},"end":{"line":24,"column":null}},"2":{"start":{"line":27,"column":13},"end":{"line":45,"column":null}},"3":{"start":{"line":30,"column":4},"end":{"line":43,"column":null}},"4":{"start":{"line":31,"column":23},"end":{"line":31,"column":null}},"5":{"start":{"line":32,"column":6},"end":{"line":32,"column":null}},"6":{"start":{"line":34,"column":6},"end":{"line":36,"column":null}},"7":{"start":{"line":35,"column":8},"end":{"line":35,"column":null}},"8":{"start":{"line":38,"column":24},"end":{"line":38,"column":null}},"9":{"start":{"line":40,"column":6},"end":{"line":40,"column":null}},"10":{"start":{"line":42,"column":6},"end":{"line":42,"column":null}},"11":{"start":{"line":47,"column":6},"end":{"line":70,"column":null}},"12":{"start":{"line":54,"column":4},"end":{"line":68,"column":null}},"13":{"start":{"line":56,"column":8},"end":{"line":56,"column":null}},"14":{"start":{"line":57,"column":8},"end":{"line":57,"column":null}},"15":{"start":{"line":61,"column":8},"end":{"line":61,"column":null}},"16":{"start":{"line":62,"column":8},"end":{"line":62,"column":null}},"17":{"start":{"line":66,"column":8},"end":{"line":66,"column":null}},"18":{"start":{"line":67,"column":8},"end":{"line":67,"column":null}}},"fnMap":{"0":{"name":"getRandomCharacterId","decl":{"start":{"line":23,"column":16},"end":{"line":23,"column":39}},"loc":{"start":{"line":23,"column":39},"end":{"line":25,"column":null}},"line":23},"1":{"name":"(anonymous_1)","decl":{"start":{"line":29,"column":2},"end":{"line":29,"column":9}},"loc":{"start":{"line":29,"column":35},"end":{"line":44,"column":null}},"line":29},"2":{"name":"(anonymous_2)","decl":{"start":{"line":53,"column":2},"end":{"line":53,"column":18}},"loc":{"start":{"line":53,"column":30},"end":{"line":69,"column":null}},"line":53},"3":{"name":"(anonymous_3)","decl":{"start":{"line":55,"column":30},"end":{"line":55,"column":40}},"loc":{"start":{"line":55,"column":50},"end":{"line":58,"column":7}},"line":55},"4":{"name":"(anonymous_4)","decl":{"start":{"line":60,"column":30},"end":{"line":60,"column":42}},"loc":{"start":{"line":60,"column":60},"end":{"line":63,"column":7}},"line":60},"5":{"name":"(anonymous_5)","decl":{"start":{"line":65,"column":30},"end":{"line":65,"column":41}},"loc":{"start":{"line":65,"column":59},"end":{"line":68,"column":7}},"line":65}},"branchMap":{"0":{"loc":{"start":{"line":34,"column":6},"end":{"line":36,"column":null}},"type":"if","locations":[{"start":{"line":34,"column":6},"end":{"line":36,"column":null}},{"start":{},"end":{}}],"line":34},"1":{"loc":{"start":{"line":67,"column":22},"end":{"line":67,"column":null}},"type":"binary-expr","locations":[{"start":{"line":67,"column":22},"end":{"line":67,"column":40}},{"start":{"line":67,"column":40},"end":{"line":67,"column":null}}],"line":67}},"s":{"0":1,"1":0,"2":1,"3":4,"4":4,"5":2,"6":2,"7":1,"8":1,"9":1,"10":1,"11":1,"12":1,"13":4,"14":4,"15":1,"16":1,"17":2,"18":2},"f":{"0":0,"1":4,"2":1,"3":4,"4":1,"5":2},"b":{"0":[1,1],"1":[2,0]},"meta":{"lastBranch":2,"lastFunction":6,"lastStatement":19,"seen":{"s:17:37:21:Infinity":0,"f:23:16:23:39":0,"s:24:2:24:Infinity":1,"s:27:13:45:Infinity":2,"f:29:2:29:9":1,"s:30:4:43:Infinity":3,"s:31:23:31:Infinity":4,"s:32:6:32:Infinity":5,"b:34:6:36:Infinity:undefined:undefined:undefined:undefined":0,"s:34:6:36:Infinity":6,"s:35:8:35:Infinity":7,"s:38:24:38:Infinity":8,"s:40:6:40:Infinity":9,"s:42:6:42:Infinity":10,"s:47:6:70:Infinity":11,"f:53:2:53:18":2,"s:54:4:68:Infinity":12,"f:55:30:55:40":3,"s:56:8:56:Infinity":13,"s:57:8:57:Infinity":14,"f:60:30:60:42":4,"s:61:8:61:Infinity":15,"s:62:8:62:Infinity":16,"f:65:30:65:41":5,"s:66:8:66:Infinity":17,"s:67:8:67:Infinity":18,"b:67:22:67:40:67:40:67:Infinity":1},"fnNames":{}}}
,"/Users/dimaruban/VS Code/Full Stack/lesson_42-49/src/features/theme/Theme.tsx": {"path":"/Users/dimaruban/VS Code/Full Stack/lesson_42-49/src/features/theme/Theme.tsx","statementMap":{"0":{"start":{"line":8,"column":8},"end":{"line":8,"column":null}},"1":{"start":{"line":8,"column":50},"end":{"line":8,"column":61}},"2":{"start":{"line":9,"column":8},"end":{"line":9,"column":null}},"3":{"start":{"line":11,"column":2},"end":{"line":16,"column":null}},"4":{"start":{"line":13,"column":62},"end":{"line":13,"column":null}}},"fnMap":{"0":{"name":"Theme","decl":{"start":{"line":7,"column":16},"end":{"line":7,"column":24}},"loc":{"start":{"line":7,"column":24},"end":{"line":18,"column":null}},"line":7},"1":{"name":"(anonymous_1)","decl":{"start":{"line":8,"column":16},"end":{"line":8,"column":29}},"loc":{"start":{"line":8,"column":50},"end":{"line":8,"column":61}},"line":8},"2":{"name":"(anonymous_2)","decl":{"start":{"line":13,"column":47},"end":{"line":13,"column":62}},"loc":{"start":{"line":13,"column":62},"end":{"line":13,"column":null}},"line":13}},"branchMap":{"0":{"loc":{"start":{"line":14,"column":41},"end":{"line":14,"column":81}},"type":"cond-expr","locations":[{"start":{"line":14,"column":60},"end":{"line":14,"column":72}},{"start":{"line":14,"column":72},"end":{"line":14,"column":81}}],"line":14}},"s":{"0":0,"1":0,"2":0,"3":0,"4":0},"f":{"0":0,"1":0,"2":0},"b":{"0":[0,0]},"meta":{"lastBranch":1,"lastFunction":3,"lastStatement":5,"seen":{"f:7:16:7:24":0,"s:8:8:8:Infinity":0,"f:8:16:8:29":1,"s:8:50:8:61":1,"s:9:8:9:Infinity":2,"s:11:2:16:Infinity":3,"f:13:47:13:62":2,"s:13:62:13:Infinity":4,"b:14:60:14:72:14:72:14:81":0},"fnNames":{}}}
,"/Users/dimaruban/VS Code/Full Stack/lesson_42-49/src/features/theme/themeSlice.ts": {"path":"/Users/dimaruban/VS Code/Full Stack/lesson_42-49/src/features/theme/themeSlice.ts","statementMap":{"0":{"start":{"line":5,"column":21},"end":{"line":5,"column":null}},"1":{"start":{"line":12,"column":13},"end":{"line":20,"column":null}},"2":{"start":{"line":17,"column":6},"end":{"line":17,"column":null}},"3":{"start":{"line":22,"column":26},"end":{"line":22,"column":null}}},"fnMap":{"0":{"name":"(anonymous_0)","decl":{"start":{"line":16,"column":4},"end":{"line":16,"column":13}},"loc":{"start":{"line":16,"column":34},"end":{"line":18,"column":null}},"line":16}},"branchMap":{"0":{"loc":{"start":{"line":17,"column":13},"end":{"line":17,"column":null}},"type":"cond-expr","locations":[{"start":{"line":17,"column":32},"end":{"line":17,"column":42}},{"start":{"line":17,"column":42},"end":{"line":17,"column":null}}],"line":17}},"s":{"0":0,"1":0,"2":0,"3":0},"f":{"0":0},"b":{"0":[0,0]},"meta":{"lastBranch":1,"lastFunction":1,"lastStatement":4,"seen":{"s:5:21:5:Infinity":0,"s:12:13:20:Infinity":1,"f:16:4:16:13":0,"s:17:6:17:Infinity":2,"b:17:32:17:42:17:42:17:Infinity":0,"s:22:26:22:Infinity":3},"fnNames":{}}}
,"/Users/dimaruban/VS Code/Full Stack/lesson_42-49/src/pages/About.tsx": {"path":"/Users/dimaruban/VS Code/Full Stack/lesson_42-49/src/pages/About.tsx","statementMap":{"0":{"start":{"line":4,"column":2},"end":{"line":8,"column":null}}},"fnMap":{"0":{"name":"About","decl":{"start":{"line":3,"column":16},"end":{"line":3,"column":24}},"loc":{"start":{"line":3,"column":24},"end":{"line":10,"column":null}},"line":3}},"branchMap":{},"s":{"0":0},"f":{"0":0},"b":{},"meta":{"lastBranch":0,"lastFunction":1,"lastStatement":1,"seen":{"f:3:16:3:24":0,"s:4:2:8:Infinity":0},"fnNames":{}}}
,"/Users/dimaruban/VS Code/Full Stack/lesson_42-49/src/pages/Contacts.tsx": {"path":"/Users/dimaruban/VS Code/Full Stack/lesson_42-49/src/pages/Contacts.tsx","statementMap":{"0":{"start":{"line":4,"column":2},"end":{"line":7,"column":null}}},"fnMap":{"0":{"name":"Contacts","decl":{"start":{"line":3,"column":16},"end":{"line":3,"column":27}},"loc":{"start":{"line":3,"column":27},"end":{"line":9,"column":null}},"line":3}},"branchMap":{},"s":{"0":0},"f":{"0":0},"b":{},"meta":{"lastBranch":0,"lastFunction":1,"lastStatement":1,"seen":{"f:3:16:3:27":0,"s:4:2:7:Infinity":0},"fnNames":{}}}
,"/Users/dimaruban/VS Code/Full Stack/lesson_42-49/src/pages/Forms.tsx": {"path":"/Users/dimaruban/VS Code/Full Stack/lesson_42-49/src/pages/Forms.tsx","statementMap":{"0":{"start":{"line":4,"column":13},"end":{"line":11,"column":null}},"1":{"start":{"line":5,"column":2},"end":{"line":9,"column":null}}},"fnMap":{"0":{"name":"(anonymous_0)","decl":{"start":{"line":4,"column":13},"end":{"line":4,"column":27}},"loc":{"start":{"line":4,"column":27},"end":{"line":11,"column":null}},"line":4}},"branchMap":{},"s":{"0":0,"1":0},"f":{"0":0},"b":{},"meta":{"lastBranch":0,"lastFunction":1,"lastStatement":2,"seen":{"s:4:13:11:Infinity":0,"f:4:13:4:27":0,"s:5:2:9:Infinity":1},"fnNames":{}}}
,"/Users/dimaruban/VS Code/Full Stack/lesson_42-49/src/pages/Header.tsx": {"path":"/Users/dimaruban/VS Code/Full Stack/lesson_42-49/src/pages/Header.tsx","statementMap":{"0":{"start":{"line":6,"column":2},"end":{"line":50,"column":null}},"1":{"start":{"line":12,"column":53},"end":{"line":12,"column":102}},"2":{"start":{"line":17,"column":53},"end":{"line":17,"column":102}},"3":{"start":{"line":23,"column":46},"end":{"line":23,"column":null}},"4":{"start":{"line":30,"column":53},"end":{"line":30,"column":102}},"5":{"start":{"line":35,"column":53},"end":{"line":35,"column":102}},"6":{"start":{"line":40,"column":53},"end":{"line":40,"column":102}}},"fnMap":{"0":{"name":"Header","decl":{"start":{"line":5,"column":16},"end":{"line":5,"column":25}},"loc":{"start":{"line":5,"column":25},"end":{"line":52,"column":null}},"line":5},"1":{"name":"(anonymous_1)","decl":{"start":{"line":12,"column":23},"end":{"line":12,"column":35}},"loc":{"start":{"line":12,"column":53},"end":{"line":12,"column":102}},"line":12},"2":{"name":"(anonymous_2)","decl":{"start":{"line":17,"column":23},"end":{"line":17,"column":35}},"loc":{"start":{"line":17,"column":53},"end":{"line":17,"column":102}},"line":17},"3":{"name":"(anonymous_3)","decl":{"start":{"line":23,"column":16},"end":{"line":23,"column":28}},"loc":{"start":{"line":23,"column":46},"end":{"line":23,"column":null}},"line":23},"4":{"name":"(anonymous_4)","decl":{"start":{"line":30,"column":23},"end":{"line":30,"column":35}},"loc":{"start":{"line":30,"column":53},"end":{"line":30,"column":102}},"line":30},"5":{"name":"(anonymous_5)","decl":{"start":{"line":35,"column":23},"end":{"line":35,"column":35}},"loc":{"start":{"line":35,"column":53},"end":{"line":35,"column":102}},"line":35},"6":{"name":"(anonymous_6)","decl":{"start":{"line":40,"column":23},"end":{"line":40,"column":35}},"loc":{"start":{"line":40,"column":53},"end":{"line":40,"column":102}},"line":40}},"branchMap":{"0":{"loc":{"start":{"line":12,"column":53},"end":{"line":12,"column":102}},"type":"cond-expr","locations":[{"start":{"line":12,"column":64},"end":{"line":12,"column":90}},{"start":{"line":12,"column":90},"end":{"line":12,"column":102}}],"line":12},"1":{"loc":{"start":{"line":17,"column":53},"end":{"line":17,"column":102}},"type":"cond-expr","locations":[{"start":{"line":17,"column":64},"end":{"line":17,"column":90}},{"start":{"line":17,"column":90},"end":{"line":17,"column":102}}],"line":17},"2":{"loc":{"start":{"line":23,"column":46},"end":{"line":23,"column":null}},"type":"cond-expr","locations":[{"start":{"line":23,"column":57},"end":{"line":23,"column":83}},{"start":{"line":23,"column":83},"end":{"line":23,"column":null}}],"line":23},"3":{"loc":{"start":{"line":30,"column":53},"end":{"line":30,"column":102}},"type":"cond-expr","locations":[{"start":{"line":30,"column":64},"end":{"line":30,"column":90}},{"start":{"line":30,"column":90},"end":{"line":30,"column":102}}],"line":30},"4":{"loc":{"start":{"line":35,"column":53},"end":{"line":35,"column":102}},"type":"cond-expr","locations":[{"start":{"line":35,"column":64},"end":{"line":35,"column":90}},{"start":{"line":35,"column":90},"end":{"line":35,"column":102}}],"line":35},"5":{"loc":{"start":{"line":40,"column":53},"end":{"line":40,"column":102}},"type":"cond-expr","locations":[{"start":{"line":40,"column":64},"end":{"line":40,"column":90}},{"start":{"line":40,"column":90},"end":{"line":40,"column":102}}],"line":40}},"s":{"0":0,"1":0,"2":0,"3":0,"4":0,"5":0,"6":0},"f":{"0":0,"1":0,"2":0,"3":0,"4":0,"5":0,"6":0},"b":{"0":[0,0],"1":[0,0],"2":[0,0],"3":[0,0],"4":[0,0],"5":[0,0]},"meta":{"lastBranch":6,"lastFunction":7,"lastStatement":7,"seen":{"f:5:16:5:25":0,"s:6:2:50:Infinity":0,"f:12:23:12:35":1,"s:12:53:12:102":1,"b:12:64:12:90:12:90:12:102":0,"f:17:23:17:35":2,"s:17:53:17:102":2,"b:17:64:17:90:17:90:17:102":1,"f:23:16:23:28":3,"s:23:46:23:Infinity":3,"b:23:57:23:83:23:83:23:Infinity":2,"f:30:23:30:35":4,"s:30:53:30:102":4,"b:30:64:30:90:30:90:30:102":3,"f:35:23:35:35":5,"s:35:53:35:102":5,"b:35:64:35:90:35:90:35:102":4,"f:40:23:40:35":6,"s:40:53:40:102":6,"b:40:64:40:90:40:90:40:102":5},"fnNames":{}}}
,"/Users/dimaruban/VS Code/Full Stack/lesson_42-49/src/pages/Home.tsx": {"path":"/Users/dimaruban/VS Code/Full Stack/lesson_42-49/src/pages/Home.tsx","statementMap":{"0":{"start":{"line":4,"column":2},"end":{"line":7,"column":null}}},"fnMap":{"0":{"name":"Home","decl":{"start":{"line":3,"column":16},"end":{"line":3,"column":23}},"loc":{"start":{"line":3,"column":23},"end":{"line":9,"column":null}},"line":3}},"branchMap":{},"s":{"0":0},"f":{"0":0},"b":{},"meta":{"lastBranch":0,"lastFunction":1,"lastStatement":1,"seen":{"f:3:16:3:23":0,"s:4:2:7:Infinity":0},"fnNames":{}}}
}
